[ERROR] 2024-01-17 12:10:46.662 opcua.demo.ClientExampleRunner run 135 [main] Error running client example: null
java.util.concurrent.TimeoutException: null
	at java.base/java.util.concurrent.CompletableFuture.timedGet(CompletableFuture.java:1960)
	at java.base/java.util.concurrent.CompletableFuture.get(CompletableFuture.java:2095)
	at opcua.demo.ClientExampleRunner.run(ClientExampleRunner.java:132)
	at opcua.demo.IOExample.test(IOExample.java:37)
	at opcua.demo.AppTest.testDemo(AppTest.java:9)
	at java.base/jdk.internal.reflect.DirectMethodHandleAccessor.invoke(DirectMethodHandleAccessor.java:103)
	at java.base/java.lang.reflect.Method.invoke(Method.java:580)
	at org.junit.runners.model.FrameworkMethod$1.runReflectiveCall(FrameworkMethod.java:50)
	at org.junit.internal.runners.model.ReflectiveCallable.run(ReflectiveCallable.java:12)
	at org.junit.runners.model.FrameworkMethod.invokeExplosively(FrameworkMethod.java:47)
	at org.junit.internal.runners.statements.InvokeMethod.evaluate(InvokeMethod.java:17)
	at org.junit.runners.ParentRunner.runLeaf(ParentRunner.java:325)
	at org.junit.runners.BlockJUnit4ClassRunner.runChild(BlockJUnit4ClassRunner.java:78)
	at org.junit.runners.BlockJUnit4ClassRunner.runChild(BlockJUnit4ClassRunner.java:57)
	at org.junit.runners.ParentRunner$3.run(ParentRunner.java:290)
	at org.junit.runners.ParentRunner$1.schedule(ParentRunner.java:71)
	at org.junit.runners.ParentRunner.runChildren(ParentRunner.java:288)
	at org.junit.runners.ParentRunner.access$000(ParentRunner.java:58)
	at org.junit.runners.ParentRunner$2.evaluate(ParentRunner.java:268)
	at org.junit.runners.ParentRunner.run(ParentRunner.java:363)
	at org.apache.maven.surefire.junit4.JUnit4Provider.execute(JUnit4Provider.java:316)
	at org.apache.maven.surefire.junit4.JUnit4Provider.executeWithRerun(JUnit4Provider.java:240)
	at org.apache.maven.surefire.junit4.JUnit4Provider.executeTestSet(JUnit4Provider.java:214)
	at org.apache.maven.surefire.junit4.JUnit4Provider.invoke(JUnit4Provider.java:155)
	at org.apache.maven.surefire.booter.ForkedBooter.runSuitesInProcess(ForkedBooter.java:385)
	at org.apache.maven.surefire.booter.ForkedBooter.execute(ForkedBooter.java:162)
	at org.apache.maven.surefire.booter.ForkedBooter.run(ForkedBooter.java:507)
	at org.apache.maven.surefire.booter.ForkedBooter.main(ForkedBooter.java:495)
[ERROR] 2024-01-17 12:10:46.665 opcua.demo.ClientExampleRunner lambda$2 109 [ForkJoinPool.commonPool-worker-1] Error running example: null
java.util.concurrent.TimeoutException: null
	at java.base/java.util.concurrent.CompletableFuture.timedGet(CompletableFuture.java:1960)
	at java.base/java.util.concurrent.CompletableFuture.get(CompletableFuture.java:2095)
	at opcua.demo.ClientExampleRunner.run(ClientExampleRunner.java:132)
	at opcua.demo.IOExample.test(IOExample.java:37)
	at opcua.demo.AppTest.testDemo(AppTest.java:9)
	at java.base/jdk.internal.reflect.DirectMethodHandleAccessor.invoke(DirectMethodHandleAccessor.java:103)
	at java.base/java.lang.reflect.Method.invoke(Method.java:580)
	at org.junit.runners.model.FrameworkMethod$1.runReflectiveCall(FrameworkMethod.java:50)
	at org.junit.internal.runners.model.ReflectiveCallable.run(ReflectiveCallable.java:12)
	at org.junit.runners.model.FrameworkMethod.invokeExplosively(FrameworkMethod.java:47)
	at org.junit.internal.runners.statements.InvokeMethod.evaluate(InvokeMethod.java:17)
	at org.junit.runners.ParentRunner.runLeaf(ParentRunner.java:325)
	at org.junit.runners.BlockJUnit4ClassRunner.runChild(BlockJUnit4ClassRunner.java:78)
	at org.junit.runners.BlockJUnit4ClassRunner.runChild(BlockJUnit4ClassRunner.java:57)
	at org.junit.runners.ParentRunner$3.run(ParentRunner.java:290)
	at org.junit.runners.ParentRunner$1.schedule(ParentRunner.java:71)
	at org.junit.runners.ParentRunner.runChildren(ParentRunner.java:288)
	at org.junit.runners.ParentRunner.access$000(ParentRunner.java:58)
	at org.junit.runners.ParentRunner$2.evaluate(ParentRunner.java:268)
	at org.junit.runners.ParentRunner.run(ParentRunner.java:363)
	at org.apache.maven.surefire.junit4.JUnit4Provider.execute(JUnit4Provider.java:316)
	at org.apache.maven.surefire.junit4.JUnit4Provider.executeWithRerun(JUnit4Provider.java:240)
	at org.apache.maven.surefire.junit4.JUnit4Provider.executeTestSet(JUnit4Provider.java:214)
	at org.apache.maven.surefire.junit4.JUnit4Provider.invoke(JUnit4Provider.java:155)
	at org.apache.maven.surefire.booter.ForkedBooter.runSuitesInProcess(ForkedBooter.java:385)
	at org.apache.maven.surefire.booter.ForkedBooter.execute(ForkedBooter.java:162)
	at org.apache.maven.surefire.booter.ForkedBooter.run(ForkedBooter.java:507)
	at org.apache.maven.surefire.booter.ForkedBooter.main(ForkedBooter.java:495)
[DEBUG] 2024-01-17 12:10:46.666 org.eclipse.milo.opcua.sdk.client.SessionFsm run 189 [milo-shared-thread-pool-3] [2] S(Active)                x E(CloseSession)          = S'(Closing)             
[TRACE] 2024-01-17 12:10:46.666 org.eclipse.milo.opcua.sdk.client.SessionFsm run 218 [milo-shared-thread-pool-3] [2] found 3 matching TransitionActions
[TRACE] 2024-01-17 12:10:46.666 org.eclipse.milo.opcua.sdk.client.SessionFsm lambda$run$0 233 [milo-shared-thread-pool-3] [2] executing TransitionAction: com.digitalpetri.strictmachine.dsl.ActionBuilder$PredicatedTransitionAction@6bd2875
[TRACE] 2024-01-17 12:10:46.667 org.eclipse.milo.opcua.sdk.client.SessionFsm lambda$run$0 233 [milo-shared-thread-pool-3] [2] executing TransitionAction: com.digitalpetri.strictmachine.dsl.ActionBuilder$PredicatedTransitionAction@3e0d0c8a
[TRACE] 2024-01-17 12:10:46.667 org.eclipse.milo.opcua.sdk.client.SessionFsm lambda$run$0 233 [milo-shared-thread-pool-3] [2] executing TransitionAction: com.digitalpetri.strictmachine.dsl.ActionBuilder$PredicatedTransitionAction@18db0232
[DEBUG] 2024-01-17 12:10:46.667 org.eclipse.milo.opcua.sdk.client.SessionFsm closeSession 785 [milo-shared-thread-pool-3] [2] Sending CloseSessionRequest...
[TRACE] 2024-01-17 12:10:46.667 org.eclipse.milo.opcua.stack.client.transport.tcp.OpcTcpTransport lambda$sendRequest$6 115 [milo-netty-event-loop-1] Write succeeded for request=CloseSessionRequest, requestHandle=162
[DEBUG] 2024-01-17 12:10:46.671 org.eclipse.milo.opcua.sdk.client.SessionFsm lambda$null$43 697 [milo-shared-thread-pool-3] [2] Session closed: OpcUaSession{sessionId=NodeId{ns=1, id=100004}, sessionName=UaSession:opc ua client:1705464635391}
[DEBUG] 2024-01-17 12:10:46.671 org.eclipse.milo.opcua.sdk.client.SessionFsm run 189 [milo-shared-thread-pool-2] [2] S(Closing)               x E(CloseSessionSuccess)   = S'(Inactive)            
[TRACE] 2024-01-17 12:10:46.672 org.eclipse.milo.opcua.sdk.client.SessionFsm run 218 [milo-shared-thread-pool-2] [2] found 2 matching TransitionActions
[TRACE] 2024-01-17 12:10:46.672 org.eclipse.milo.opcua.sdk.client.SessionFsm lambda$run$0 233 [milo-shared-thread-pool-2] [2] executing TransitionAction: com.digitalpetri.strictmachine.dsl.ActionBuilder$PredicatedTransitionAction@2f97fd90
[TRACE] 2024-01-17 12:10:46.672 org.eclipse.milo.opcua.sdk.client.SessionFsm lambda$run$0 233 [milo-shared-thread-pool-2] [2] executing TransitionAction: com.digitalpetri.strictmachine.dsl.ActionBuilder$PredicatedTransitionAction@2592ad9
[DEBUG] 2024-01-17 12:10:46.672 org.eclipse.milo.opcua.stack.client.ChannelFsm run 189 [milo-shared-thread-pool-2] [1] S(Connected)             x E(Disconnect)            = S'(Disconnecting)       
[TRACE] 2024-01-17 12:10:46.672 org.eclipse.milo.opcua.stack.client.ChannelFsm run 218 [milo-shared-thread-pool-2] [1] found 2 matching TransitionActions
[TRACE] 2024-01-17 12:10:46.672 org.eclipse.milo.opcua.stack.client.ChannelFsm lambda$run$0 233 [milo-shared-thread-pool-2] [1] executing TransitionAction: com.digitalpetri.strictmachine.dsl.ActionBuilder$PredicatedTransitionAction@6ca08792
[TRACE] 2024-01-17 12:10:46.672 org.eclipse.milo.opcua.stack.client.ChannelFsm lambda$run$0 233 [milo-shared-thread-pool-2] [1] executing TransitionAction: com.digitalpetri.netty.fsm.ChannelFsm$1@2b3a3c4b
[DEBUG] 2024-01-17 12:10:46.672 org.eclipse.milo.opcua.sdk.client.SessionFsm onStateTransition 555 [milo-shared-thread-pool-2] ChannelFsm transition from=Connected to=Disconnecting via=Disconnect
[DEBUG] 2024-01-17 12:10:46.673 org.eclipse.milo.opcua.stack.client.ChannelFsm disconnect 180 [milo-shared-thread-pool-3] [1] Sending CloseSecureChannelRequest...
[DEBUG] 2024-01-17 12:10:46.673 org.eclipse.milo.opcua.sdk.client.SessionFsm run 189 [milo-shared-thread-pool-1] [2] S(Inactive)              x E(ConnectionLost)        = S'(Inactive)            
[TRACE] 2024-01-17 12:10:46.673 org.eclipse.milo.opcua.sdk.client.SessionFsm run 218 [milo-shared-thread-pool-1] [2] found 0 matching TransitionActions
[DEBUG] 2024-01-17 12:10:46.673 org.eclipse.milo.opcua.stack.client.ChannelFsm channelInactive 163 [milo-netty-event-loop-1] [1] channelInactive() disconnect complete
[DEBUG] 2024-01-17 12:10:46.673 org.eclipse.milo.opcua.stack.client.ChannelFsm channelInactive 237 [milo-netty-event-loop-1] [1] channelInactive() local=/192.168.31.114:4928, remote=/192.168.31.66:4840
[DEBUG] 2024-01-17 12:10:46.674 org.eclipse.milo.opcua.stack.client.ChannelFsm run 189 [milo-shared-thread-pool-3] [1] S(Disconnecting)         x E(DisconnectSuccess)     = S'(NotConnected)        
[TRACE] 2024-01-17 12:10:46.674 org.eclipse.milo.opcua.stack.client.ChannelFsm run 218 [milo-shared-thread-pool-3] [1] found 3 matching TransitionActions
[TRACE] 2024-01-17 12:10:46.674 org.eclipse.milo.opcua.stack.client.ChannelFsm lambda$run$0 233 [milo-shared-thread-pool-3] [1] executing TransitionAction: com.digitalpetri.strictmachine.dsl.ActionBuilder$PredicatedTransitionAction@61a7d420
[TRACE] 2024-01-17 12:10:46.674 org.eclipse.milo.opcua.stack.client.ChannelFsm lambda$run$0 233 [milo-shared-thread-pool-3] [1] executing TransitionAction: com.digitalpetri.strictmachine.dsl.ActionBuilder$PredicatedTransitionAction@2beebfcb
[TRACE] 2024-01-17 12:10:46.674 org.eclipse.milo.opcua.stack.client.ChannelFsm lambda$run$0 233 [milo-shared-thread-pool-3] [1] executing TransitionAction: com.digitalpetri.netty.fsm.ChannelFsm$1@2b3a3c4b
[DEBUG] 2024-01-17 12:10:46.675 io.netty.buffer.PoolThreadCache free 224 [milo-netty-event-loop-0] Freed 5 thread-local buffer(s) from thread: milo-netty-event-loop-0
